<?xml version="1.0" encoding="UTF-8"?>
<testng-results ignored="0" total="17" passed="17" failed="0" skipped="0">
  <reporter-output>
  </reporter-output>
  <suite started-at="2025-08-21T14:54:31 IST" name="WebOrder Page Object Model TestNGDemo" finished-at="2025-08-21T14:55:19 IST" duration-ms="48000">
    <groups>
    </groups>
    <test started-at="2025-08-21T14:54:31 IST" name="test-1" finished-at="2025-08-21T14:55:19 IST" duration-ms="48000">
      <class name="com.webOrders.test.WebOrder_ViewAllOrders_Test">
        <test-method is-config="true" signature="SetUp(java.lang.String)[pri:0, instance:com.webOrders.test.WebOrder_ViewAllOrders_Test@24313fcc]" started-at="2025-08-21T14:54:31 IST" name="SetUp" finished-at="2025-08-21T14:54:31 IST" duration-ms="374" status="PASS">
          <params>
            <param index="0">
              <value>
                <![CDATA[edge]]>
              </value>
            </param>
          </params>
          <reporter-output>
          </reporter-output>
        </test-method> <!-- SetUp -->
        <test-method is-config="true" signature="initializeTestBaseSetup(java.lang.String,java.lang.String)[pri:0, instance:com.webOrders.test.WebOrder_ViewAllOrders_Test@24313fcc]" started-at="2025-08-21T14:54:31 IST" name="initializeTestBaseSetup" finished-at="2025-08-21T14:54:46 IST" duration-ms="14080" status="PASS">
          <params>
            <param index="0">
              <value>
                <![CDATA[edge]]>
              </value>
            </param>
            <param index="1">
              <value>
                <![CDATA[http://secure.smartbearsoftware.com/samples/TestComplete11/WebOrders/Login.aspx?ReturnUrl=%2fsamples%2fTestComplete11%2fWebOrders%2fDefault.aspx]]>
              </value>
            </param>
          </params>
          <reporter-output>
          </reporter-output>
        </test-method> <!-- initializeTestBaseSetup -->
        <test-method is-config="true" signature="setUp()[pri:0, instance:com.webOrders.test.WebOrder_ViewAllOrders_Test@24313fcc]" started-at="2025-08-21T14:54:46 IST" name="setUp" finished-at="2025-08-21T14:54:46 IST" duration-ms="67" status="PASS">
          <reporter-output>
          </reporter-output>
        </test-method> <!-- setUp -->
        <test-method signature="verifyCheckAll()[pri:1, instance:com.webOrders.test.WebOrder_ViewAllOrders_Test@24313fcc]" started-at="2025-08-21T14:54:46 IST" name="verifyCheckAll" description="Validate check all button" finished-at="2025-08-21T14:54:49 IST" duration-ms="3625" status="PASS">
          <reporter-output>
          </reporter-output>
        </test-method> <!-- verifyCheckAll -->
        <test-method is-config="true" signature="takeScreenshot(org.testng.ITestResult)[pri:0, instance:com.webOrders.test.WebOrder_ViewAllOrders_Test@24313fcc]" started-at="2025-08-21T14:54:49 IST" name="takeScreenshot" finished-at="2025-08-21T14:54:49 IST" duration-ms="10" status="PASS">
          <params>
            <param index="0">
              <value>
                <![CDATA[[TestResult name=verifyCheckAll status=SUCCESS method=WebOrder_ViewAllOrders_Test.verifyCheckAll()[pri:1, instance:com.webOrders.test.WebOrder_ViewAllOrders_Test@24313fcc] output={null}]]]>
              </value>
            </param>
          </params>
          <reporter-output>
          </reporter-output>
        </test-method> <!-- takeScreenshot -->
        <test-method signature="verifyUnCheckAll()[pri:2, instance:com.webOrders.test.WebOrder_ViewAllOrders_Test@24313fcc]" started-at="2025-08-21T14:54:49 IST" name="verifyUnCheckAll" description="Validate uncheck all button" finished-at="2025-08-21T14:54:50 IST" duration-ms="576" status="PASS">
          <reporter-output>
          </reporter-output>
        </test-method> <!-- verifyUnCheckAll -->
        <test-method is-config="true" signature="takeScreenshot(org.testng.ITestResult)[pri:0, instance:com.webOrders.test.WebOrder_ViewAllOrders_Test@24313fcc]" started-at="2025-08-21T14:54:50 IST" name="takeScreenshot" finished-at="2025-08-21T14:54:50 IST" duration-ms="1" status="PASS">
          <params>
            <param index="0">
              <value>
                <![CDATA[[TestResult name=verifyUnCheckAll status=SUCCESS method=WebOrder_ViewAllOrders_Test.verifyUnCheckAll()[pri:2, instance:com.webOrders.test.WebOrder_ViewAllOrders_Test@24313fcc] output={null}]]]>
              </value>
            </param>
          </params>
          <reporter-output>
          </reporter-output>
        </test-method> <!-- takeScreenshot -->
        <test-method signature="verifyDeleteOrder()[pri:3, instance:com.webOrders.test.WebOrder_ViewAllOrders_Test@24313fcc]" started-at="2025-08-21T14:54:50 IST" name="verifyDeleteOrder" description="Validate user can delete an order" finished-at="2025-08-21T14:54:50 IST" duration-ms="342" status="PASS">
          <reporter-output>
          </reporter-output>
        </test-method> <!-- verifyDeleteOrder -->
        <test-method is-config="true" signature="takeScreenshot(org.testng.ITestResult)[pri:0, instance:com.webOrders.test.WebOrder_ViewAllOrders_Test@24313fcc]" started-at="2025-08-21T14:54:50 IST" name="takeScreenshot" finished-at="2025-08-21T14:54:50 IST" duration-ms="1" status="PASS">
          <params>
            <param index="0">
              <value>
                <![CDATA[[TestResult name=verifyDeleteOrder status=SUCCESS method=WebOrder_ViewAllOrders_Test.verifyDeleteOrder()[pri:3, instance:com.webOrders.test.WebOrder_ViewAllOrders_Test@24313fcc] output={null}]]]>
              </value>
            </param>
          </params>
          <reporter-output>
          </reporter-output>
        </test-method> <!-- takeScreenshot -->
        <test-method signature="verifyEditOrder(java.lang.String,java.lang.String,java.lang.String,java.lang.String,java.lang.String,java.lang.String,java.lang.String,java.lang.String,java.lang.String,java.lang.String,java.lang.String)[pri:4, instance:com.webOrders.test.WebOrder_ViewAllOrders_Test@24313fcc]" started-at="2025-08-21T14:54:50 IST" name="verifyEditOrder" description="Validate user can edit an order" data-provider="Update Form" finished-at="2025-08-21T14:54:54 IST" duration-ms="3627" status="PASS">
          <params>
            <param index="0">
              <value>
                <![CDATA[MyMoney]]>
              </value>
            </param>
            <param index="1">
              <value>
                <![CDATA[5]]>
              </value>
            </param>
            <param index="2">
              <value>
                <![CDATA[Minh]]>
              </value>
            </param>
            <param index="3">
              <value>
                <![CDATA[123 Main St]]>
              </value>
            </param>
            <param index="4">
              <value>
                <![CDATA[Dallas]]>
              </value>
            </param>
            <param index="5">
              <value>
                <![CDATA[IL]]>
              </value>
            </param>
            <param index="6">
              <value>
                <![CDATA[75000]]>
              </value>
            </param>
            <param index="7">
              <value>
                <![CDATA[Visa]]>
              </value>
            </param>
            <param index="8">
              <value>
                <![CDATA[123456789]]>
              </value>
            </param>
            <param index="9">
              <value>
                <![CDATA[12/29]]>
              </value>
            </param>
            <param index="10">
              <value>
                <![CDATA[success]]>
              </value>
            </param>
          </params>
          <reporter-output>
          </reporter-output>
        </test-method> <!-- verifyEditOrder -->
        <test-method is-config="true" signature="takeScreenshot(org.testng.ITestResult)[pri:0, instance:com.webOrders.test.WebOrder_ViewAllOrders_Test@24313fcc]" started-at="2025-08-21T14:54:54 IST" name="takeScreenshot" finished-at="2025-08-21T14:54:54 IST" duration-ms="1" status="PASS">
          <params>
            <param index="0">
              <value>
                <![CDATA[[TestResult name=verifyEditOrder status=SUCCESS method=WebOrder_ViewAllOrders_Test.verifyEditOrder(java.lang.String,java.lang.String,java.lang.String,java.lang.String,java.lang.String,java.lang.String,java.lang.String,java.lang.String,java.lang.String,java.lang.String,java.lang.String)[pri:4, instance:com.webOrders.test.WebOrder_ViewAllOrders_Test@24313fcc] output={null}]]]>
              </value>
            </param>
          </params>
          <reporter-output>
          </reporter-output>
        </test-method> <!-- takeScreenshot -->
        <test-method signature="verifyEditOrder(java.lang.String,java.lang.String,java.lang.String,java.lang.String,java.lang.String,java.lang.String,java.lang.String,java.lang.String,java.lang.String,java.lang.String,java.lang.String)[pri:4, instance:com.webOrders.test.WebOrder_ViewAllOrders_Test@24313fcc]" started-at="2025-08-21T14:54:54 IST" name="verifyEditOrder" description="Validate user can edit an order" data-provider="Update Form" finished-at="2025-08-21T14:54:56 IST" duration-ms="2394" status="PASS">
          <params>
            <param index="0">
              <value>
                <![CDATA[MyMoney]]>
              </value>
            </param>
            <param index="1">
              <value>
                <![CDATA[5]]>
              </value>
            </param>
            <param index="2">
              <value>
                <![CDATA[Nguyen]]>
              </value>
            </param>
            <param index="3">
              <value>
                <![CDATA[123 Main St]]>
              </value>
            </param>
            <param index="4">
              <value>
                <![CDATA[Dallas]]>
              </value>
            </param>
            <param index="5">
              <value>
                <![CDATA[IL]]>
              </value>
            </param>
            <param index="6">
              <value>
                <![CDATA[75000]]>
              </value>
            </param>
            <param index="7">
              <value>
                <![CDATA[MasterCard]]>
              </value>
            </param>
            <param index="8">
              <value>
                <![CDATA[123456789]]>
              </value>
            </param>
            <param index="9">
              <value>
                <![CDATA[11/29]]>
              </value>
            </param>
            <param index="10">
              <value>
                <![CDATA[success]]>
              </value>
            </param>
          </params>
          <reporter-output>
          </reporter-output>
        </test-method> <!-- verifyEditOrder -->
        <test-method is-config="true" signature="takeScreenshot(org.testng.ITestResult)[pri:0, instance:com.webOrders.test.WebOrder_ViewAllOrders_Test@24313fcc]" started-at="2025-08-21T14:54:56 IST" name="takeScreenshot" finished-at="2025-08-21T14:54:56 IST" duration-ms="1" status="PASS">
          <params>
            <param index="0">
              <value>
                <![CDATA[[TestResult name=verifyEditOrder status=SUCCESS method=WebOrder_ViewAllOrders_Test.verifyEditOrder(java.lang.String,java.lang.String,java.lang.String,java.lang.String,java.lang.String,java.lang.String,java.lang.String,java.lang.String,java.lang.String,java.lang.String,java.lang.String)[pri:4, instance:com.webOrders.test.WebOrder_ViewAllOrders_Test@24313fcc] output={null}]]]>
              </value>
            </param>
          </params>
          <reporter-output>
          </reporter-output>
        </test-method> <!-- takeScreenshot -->
        <test-method signature="verifyError(java.lang.String,java.lang.String,java.lang.String,java.lang.String,java.lang.String,java.lang.String,java.lang.String,java.lang.String,java.lang.String,java.lang.String,java.lang.String)[pri:5, instance:com.webOrders.test.WebOrder_ViewAllOrders_Test@24313fcc]" started-at="2025-08-21T14:54:56 IST" name="verifyError" description="Validate error is displayed while editing an order with invalid Data" data-provider="Update Order Form Error" finished-at="2025-08-21T14:54:58 IST" duration-ms="1824" status="PASS">
          <params>
            <param index="0">
              <value>
                <![CDATA[MyMoney]]>
              </value>
            </param>
            <param index="1">
              <value>
                <![CDATA[]]>
              </value>
            </param>
            <param index="2">
              <value>
                <![CDATA[Minh]]>
              </value>
            </param>
            <param index="3">
              <value>
                <![CDATA[123 Main St]]>
              </value>
            </param>
            <param index="4">
              <value>
                <![CDATA[Dallas]]>
              </value>
            </param>
            <param index="5">
              <value>
                <![CDATA[ABC]]>
              </value>
            </param>
            <param index="6">
              <value>
                <![CDATA[75000]]>
              </value>
            </param>
            <param index="7">
              <value>
                <![CDATA[Visa]]>
              </value>
            </param>
            <param index="8">
              <value>
                <![CDATA[123456789]]>
              </value>
            </param>
            <param index="9">
              <value>
                <![CDATA[12/29]]>
              </value>
            </param>
            <param index="10">
              <value>
                <![CDATA[empty_quantity]]>
              </value>
            </param>
          </params>
          <reporter-output>
          </reporter-output>
        </test-method> <!-- verifyError -->
        <test-method is-config="true" signature="takeScreenshot(org.testng.ITestResult)[pri:0, instance:com.webOrders.test.WebOrder_ViewAllOrders_Test@24313fcc]" started-at="2025-08-21T14:54:58 IST" name="takeScreenshot" finished-at="2025-08-21T14:54:58 IST" duration-ms="1" status="PASS">
          <params>
            <param index="0">
              <value>
                <![CDATA[[TestResult name=verifyError status=SUCCESS method=WebOrder_ViewAllOrders_Test.verifyError(java.lang.String,java.lang.String,java.lang.String,java.lang.String,java.lang.String,java.lang.String,java.lang.String,java.lang.String,java.lang.String,java.lang.String,java.lang.String)[pri:5, instance:com.webOrders.test.WebOrder_ViewAllOrders_Test@24313fcc] output={null}]]]>
              </value>
            </param>
          </params>
          <reporter-output>
          </reporter-output>
        </test-method> <!-- takeScreenshot -->
        <test-method signature="verifyError(java.lang.String,java.lang.String,java.lang.String,java.lang.String,java.lang.String,java.lang.String,java.lang.String,java.lang.String,java.lang.String,java.lang.String,java.lang.String)[pri:5, instance:com.webOrders.test.WebOrder_ViewAllOrders_Test@24313fcc]" started-at="2025-08-21T14:54:58 IST" name="verifyError" description="Validate error is displayed while editing an order with invalid Data" data-provider="Update Order Form Error" finished-at="2025-08-21T14:55:00 IST" duration-ms="1842" status="PASS">
          <params>
            <param index="0">
              <value>
                <![CDATA[MyMoney]]>
              </value>
            </param>
            <param index="1">
              <value>
                <![CDATA[0]]>
              </value>
            </param>
            <param index="2">
              <value>
                <![CDATA[Minh]]>
              </value>
            </param>
            <param index="3">
              <value>
                <![CDATA[123 Main St]]>
              </value>
            </param>
            <param index="4">
              <value>
                <![CDATA[Dallas]]>
              </value>
            </param>
            <param index="5">
              <value>
                <![CDATA[ILA]]>
              </value>
            </param>
            <param index="6">
              <value>
                <![CDATA[75000]]>
              </value>
            </param>
            <param index="7">
              <value>
                <![CDATA[Visa]]>
              </value>
            </param>
            <param index="8">
              <value>
                <![CDATA[123456789]]>
              </value>
            </param>
            <param index="9">
              <value>
                <![CDATA[12/29]]>
              </value>
            </param>
            <param index="10">
              <value>
                <![CDATA[invalid_quantity]]>
              </value>
            </param>
          </params>
          <reporter-output>
          </reporter-output>
        </test-method> <!-- verifyError -->
        <test-method is-config="true" signature="takeScreenshot(org.testng.ITestResult)[pri:0, instance:com.webOrders.test.WebOrder_ViewAllOrders_Test@24313fcc]" started-at="2025-08-21T14:55:00 IST" name="takeScreenshot" finished-at="2025-08-21T14:55:00 IST" duration-ms="1" status="PASS">
          <params>
            <param index="0">
              <value>
                <![CDATA[[TestResult name=verifyError status=SUCCESS method=WebOrder_ViewAllOrders_Test.verifyError(java.lang.String,java.lang.String,java.lang.String,java.lang.String,java.lang.String,java.lang.String,java.lang.String,java.lang.String,java.lang.String,java.lang.String,java.lang.String)[pri:5, instance:com.webOrders.test.WebOrder_ViewAllOrders_Test@24313fcc] output={null}]]]>
              </value>
            </param>
          </params>
          <reporter-output>
          </reporter-output>
        </test-method> <!-- takeScreenshot -->
        <test-method signature="verifyError(java.lang.String,java.lang.String,java.lang.String,java.lang.String,java.lang.String,java.lang.String,java.lang.String,java.lang.String,java.lang.String,java.lang.String,java.lang.String)[pri:5, instance:com.webOrders.test.WebOrder_ViewAllOrders_Test@24313fcc]" started-at="2025-08-21T14:55:00 IST" name="verifyError" description="Validate error is displayed while editing an order with invalid Data" data-provider="Update Order Form Error" finished-at="2025-08-21T14:55:01 IST" duration-ms="1539" status="PASS">
          <params>
            <param index="0">
              <value>
                <![CDATA[MyMoney]]>
              </value>
            </param>
            <param index="1">
              <value>
                <![CDATA[5]]>
              </value>
            </param>
            <param index="2">
              <value>
                <![CDATA[]]>
              </value>
            </param>
            <param index="3">
              <value>
                <![CDATA[123 Main St]]>
              </value>
            </param>
            <param index="4">
              <value>
                <![CDATA[Dallas]]>
              </value>
            </param>
            <param index="5">
              <value>
                <![CDATA[ILA]]>
              </value>
            </param>
            <param index="6">
              <value>
                <![CDATA[75000]]>
              </value>
            </param>
            <param index="7">
              <value>
                <![CDATA[Visa]]>
              </value>
            </param>
            <param index="8">
              <value>
                <![CDATA[123456789]]>
              </value>
            </param>
            <param index="9">
              <value>
                <![CDATA[12/29]]>
              </value>
            </param>
            <param index="10">
              <value>
                <![CDATA[empty_name]]>
              </value>
            </param>
          </params>
          <reporter-output>
          </reporter-output>
        </test-method> <!-- verifyError -->
        <test-method is-config="true" signature="takeScreenshot(org.testng.ITestResult)[pri:0, instance:com.webOrders.test.WebOrder_ViewAllOrders_Test@24313fcc]" started-at="2025-08-21T14:55:01 IST" name="takeScreenshot" finished-at="2025-08-21T14:55:01 IST" duration-ms="0" status="PASS">
          <params>
            <param index="0">
              <value>
                <![CDATA[[TestResult name=verifyError status=SUCCESS method=WebOrder_ViewAllOrders_Test.verifyError(java.lang.String,java.lang.String,java.lang.String,java.lang.String,java.lang.String,java.lang.String,java.lang.String,java.lang.String,java.lang.String,java.lang.String,java.lang.String)[pri:5, instance:com.webOrders.test.WebOrder_ViewAllOrders_Test@24313fcc] output={null}]]]>
              </value>
            </param>
          </params>
          <reporter-output>
          </reporter-output>
        </test-method> <!-- takeScreenshot -->
        <test-method signature="verifyError(java.lang.String,java.lang.String,java.lang.String,java.lang.String,java.lang.String,java.lang.String,java.lang.String,java.lang.String,java.lang.String,java.lang.String,java.lang.String)[pri:5, instance:com.webOrders.test.WebOrder_ViewAllOrders_Test@24313fcc]" started-at="2025-08-21T14:55:01 IST" name="verifyError" description="Validate error is displayed while editing an order with invalid Data" data-provider="Update Order Form Error" finished-at="2025-08-21T14:55:03 IST" duration-ms="1152" status="PASS">
          <params>
            <param index="0">
              <value>
                <![CDATA[MyMoney]]>
              </value>
            </param>
            <param index="1">
              <value>
                <![CDATA[5]]>
              </value>
            </param>
            <param index="2">
              <value>
                <![CDATA[Minh]]>
              </value>
            </param>
            <param index="3">
              <value>
                <![CDATA[]]>
              </value>
            </param>
            <param index="4">
              <value>
                <![CDATA[Dallas]]>
              </value>
            </param>
            <param index="5">
              <value>
                <![CDATA[IL]]>
              </value>
            </param>
            <param index="6">
              <value>
                <![CDATA[75000]]>
              </value>
            </param>
            <param index="7">
              <value>
                <![CDATA[Visa]]>
              </value>
            </param>
            <param index="8">
              <value>
                <![CDATA[123456789]]>
              </value>
            </param>
            <param index="9">
              <value>
                <![CDATA[12/29]]>
              </value>
            </param>
            <param index="10">
              <value>
                <![CDATA[empty_street]]>
              </value>
            </param>
          </params>
          <reporter-output>
          </reporter-output>
        </test-method> <!-- verifyError -->
        <test-method is-config="true" signature="takeScreenshot(org.testng.ITestResult)[pri:0, instance:com.webOrders.test.WebOrder_ViewAllOrders_Test@24313fcc]" started-at="2025-08-21T14:55:03 IST" name="takeScreenshot" finished-at="2025-08-21T14:55:03 IST" duration-ms="1" status="PASS">
          <params>
            <param index="0">
              <value>
                <![CDATA[[TestResult name=verifyError status=SUCCESS method=WebOrder_ViewAllOrders_Test.verifyError(java.lang.String,java.lang.String,java.lang.String,java.lang.String,java.lang.String,java.lang.String,java.lang.String,java.lang.String,java.lang.String,java.lang.String,java.lang.String)[pri:5, instance:com.webOrders.test.WebOrder_ViewAllOrders_Test@24313fcc] output={null}]]]>
              </value>
            </param>
          </params>
          <reporter-output>
          </reporter-output>
        </test-method> <!-- takeScreenshot -->
        <test-method signature="verifyError(java.lang.String,java.lang.String,java.lang.String,java.lang.String,java.lang.String,java.lang.String,java.lang.String,java.lang.String,java.lang.String,java.lang.String,java.lang.String)[pri:5, instance:com.webOrders.test.WebOrder_ViewAllOrders_Test@24313fcc]" started-at="2025-08-21T14:55:03 IST" name="verifyError" description="Validate error is displayed while editing an order with invalid Data" data-provider="Update Order Form Error" finished-at="2025-08-21T14:55:05 IST" duration-ms="2488" status="PASS">
          <params>
            <param index="0">
              <value>
                <![CDATA[MyMoney]]>
              </value>
            </param>
            <param index="1">
              <value>
                <![CDATA[5]]>
              </value>
            </param>
            <param index="2">
              <value>
                <![CDATA[Minh]]>
              </value>
            </param>
            <param index="3">
              <value>
                <![CDATA[123 Main St]]>
              </value>
            </param>
            <param index="4">
              <value>
                <![CDATA[]]>
              </value>
            </param>
            <param index="5">
              <value>
                <![CDATA[IL]]>
              </value>
            </param>
            <param index="6">
              <value>
                <![CDATA[75000]]>
              </value>
            </param>
            <param index="7">
              <value>
                <![CDATA[Visa]]>
              </value>
            </param>
            <param index="8">
              <value>
                <![CDATA[123456789]]>
              </value>
            </param>
            <param index="9">
              <value>
                <![CDATA[12/29]]>
              </value>
            </param>
            <param index="10">
              <value>
                <![CDATA[empty_city]]>
              </value>
            </param>
          </params>
          <reporter-output>
          </reporter-output>
        </test-method> <!-- verifyError -->
        <test-method is-config="true" signature="takeScreenshot(org.testng.ITestResult)[pri:0, instance:com.webOrders.test.WebOrder_ViewAllOrders_Test@24313fcc]" started-at="2025-08-21T14:55:05 IST" name="takeScreenshot" finished-at="2025-08-21T14:55:05 IST" duration-ms="0" status="PASS">
          <params>
            <param index="0">
              <value>
                <![CDATA[[TestResult name=verifyError status=SUCCESS method=WebOrder_ViewAllOrders_Test.verifyError(java.lang.String,java.lang.String,java.lang.String,java.lang.String,java.lang.String,java.lang.String,java.lang.String,java.lang.String,java.lang.String,java.lang.String,java.lang.String)[pri:5, instance:com.webOrders.test.WebOrder_ViewAllOrders_Test@24313fcc] output={null}]]]>
              </value>
            </param>
          </params>
          <reporter-output>
          </reporter-output>
        </test-method> <!-- takeScreenshot -->
        <test-method signature="verifyError(java.lang.String,java.lang.String,java.lang.String,java.lang.String,java.lang.String,java.lang.String,java.lang.String,java.lang.String,java.lang.String,java.lang.String,java.lang.String)[pri:5, instance:com.webOrders.test.WebOrder_ViewAllOrders_Test@24313fcc]" started-at="2025-08-21T14:55:05 IST" name="verifyError" description="Validate error is displayed while editing an order with invalid Data" data-provider="Update Order Form Error" finished-at="2025-08-21T14:55:07 IST" duration-ms="1916" status="PASS">
          <params>
            <param index="0">
              <value>
                <![CDATA[MyMoney]]>
              </value>
            </param>
            <param index="1">
              <value>
                <![CDATA[5]]>
              </value>
            </param>
            <param index="2">
              <value>
                <![CDATA[Minh]]>
              </value>
            </param>
            <param index="3">
              <value>
                <![CDATA[123 Main St]]>
              </value>
            </param>
            <param index="4">
              <value>
                <![CDATA[Dallas]]>
              </value>
            </param>
            <param index="5">
              <value>
                <![CDATA[IL]]>
              </value>
            </param>
            <param index="6">
              <value>
                <![CDATA[]]>
              </value>
            </param>
            <param index="7">
              <value>
                <![CDATA[Visa]]>
              </value>
            </param>
            <param index="8">
              <value>
                <![CDATA[123456789]]>
              </value>
            </param>
            <param index="9">
              <value>
                <![CDATA[12/29]]>
              </value>
            </param>
            <param index="10">
              <value>
                <![CDATA[empty_zip]]>
              </value>
            </param>
          </params>
          <reporter-output>
          </reporter-output>
        </test-method> <!-- verifyError -->
        <test-method is-config="true" signature="takeScreenshot(org.testng.ITestResult)[pri:0, instance:com.webOrders.test.WebOrder_ViewAllOrders_Test@24313fcc]" started-at="2025-08-21T14:55:07 IST" name="takeScreenshot" finished-at="2025-08-21T14:55:07 IST" duration-ms="2" status="PASS">
          <params>
            <param index="0">
              <value>
                <![CDATA[[TestResult name=verifyError status=SUCCESS method=WebOrder_ViewAllOrders_Test.verifyError(java.lang.String,java.lang.String,java.lang.String,java.lang.String,java.lang.String,java.lang.String,java.lang.String,java.lang.String,java.lang.String,java.lang.String,java.lang.String)[pri:5, instance:com.webOrders.test.WebOrder_ViewAllOrders_Test@24313fcc] output={null}]]]>
              </value>
            </param>
          </params>
          <reporter-output>
          </reporter-output>
        </test-method> <!-- takeScreenshot -->
        <test-method signature="verifyError(java.lang.String,java.lang.String,java.lang.String,java.lang.String,java.lang.String,java.lang.String,java.lang.String,java.lang.String,java.lang.String,java.lang.String,java.lang.String)[pri:5, instance:com.webOrders.test.WebOrder_ViewAllOrders_Test@24313fcc]" started-at="2025-08-21T14:55:07 IST" name="verifyError" description="Validate error is displayed while editing an order with invalid Data" data-provider="Update Order Form Error" finished-at="2025-08-21T14:55:09 IST" duration-ms="1863" status="PASS">
          <params>
            <param index="0">
              <value>
                <![CDATA[MyMoney]]>
              </value>
            </param>
            <param index="1">
              <value>
                <![CDATA[5]]>
              </value>
            </param>
            <param index="2">
              <value>
                <![CDATA[Minh]]>
              </value>
            </param>
            <param index="3">
              <value>
                <![CDATA[123 Main St]]>
              </value>
            </param>
            <param index="4">
              <value>
                <![CDATA[Dallas]]>
              </value>
            </param>
            <param index="5">
              <value>
                <![CDATA[IL]]>
              </value>
            </param>
            <param index="6">
              <value>
                <![CDATA[abcde]]>
              </value>
            </param>
            <param index="7">
              <value>
                <![CDATA[Visa]]>
              </value>
            </param>
            <param index="8">
              <value>
                <![CDATA[123456789]]>
              </value>
            </param>
            <param index="9">
              <value>
                <![CDATA[12/29]]>
              </value>
            </param>
            <param index="10">
              <value>
                <![CDATA[invalid_zip]]>
              </value>
            </param>
          </params>
          <reporter-output>
          </reporter-output>
        </test-method> <!-- verifyError -->
        <test-method is-config="true" signature="takeScreenshot(org.testng.ITestResult)[pri:0, instance:com.webOrders.test.WebOrder_ViewAllOrders_Test@24313fcc]" started-at="2025-08-21T14:55:09 IST" name="takeScreenshot" finished-at="2025-08-21T14:55:09 IST" duration-ms="3" status="PASS">
          <params>
            <param index="0">
              <value>
                <![CDATA[[TestResult name=verifyError status=SUCCESS method=WebOrder_ViewAllOrders_Test.verifyError(java.lang.String,java.lang.String,java.lang.String,java.lang.String,java.lang.String,java.lang.String,java.lang.String,java.lang.String,java.lang.String,java.lang.String,java.lang.String)[pri:5, instance:com.webOrders.test.WebOrder_ViewAllOrders_Test@24313fcc] output={null}]]]>
              </value>
            </param>
          </params>
          <reporter-output>
          </reporter-output>
        </test-method> <!-- takeScreenshot -->
        <test-method signature="verifyError(java.lang.String,java.lang.String,java.lang.String,java.lang.String,java.lang.String,java.lang.String,java.lang.String,java.lang.String,java.lang.String,java.lang.String,java.lang.String)[pri:5, instance:com.webOrders.test.WebOrder_ViewAllOrders_Test@24313fcc]" started-at="2025-08-21T14:55:09 IST" name="verifyError" description="Validate error is displayed while editing an order with invalid Data" data-provider="Update Order Form Error" finished-at="2025-08-21T14:55:11 IST" duration-ms="1937" status="PASS">
          <params>
            <param index="0">
              <value>
                <![CDATA[MyMoney]]>
              </value>
            </param>
            <param index="1">
              <value>
                <![CDATA[5]]>
              </value>
            </param>
            <param index="2">
              <value>
                <![CDATA[Minh]]>
              </value>
            </param>
            <param index="3">
              <value>
                <![CDATA[123 Main St]]>
              </value>
            </param>
            <param index="4">
              <value>
                <![CDATA[Dallas]]>
              </value>
            </param>
            <param index="5">
              <value>
                <![CDATA[IL]]>
              </value>
            </param>
            <param index="6">
              <value>
                <![CDATA[75000]]>
              </value>
            </param>
            <param index="7">
              <value>
                <![CDATA[Visa]]>
              </value>
            </param>
            <param index="8">
              <value>
                <![CDATA[]]>
              </value>
            </param>
            <param index="9">
              <value>
                <![CDATA[12/29]]>
              </value>
            </param>
            <param index="10">
              <value>
                <![CDATA[empty_cardnr]]>
              </value>
            </param>
          </params>
          <reporter-output>
          </reporter-output>
        </test-method> <!-- verifyError -->
        <test-method is-config="true" signature="takeScreenshot(org.testng.ITestResult)[pri:0, instance:com.webOrders.test.WebOrder_ViewAllOrders_Test@24313fcc]" started-at="2025-08-21T14:55:11 IST" name="takeScreenshot" finished-at="2025-08-21T14:55:11 IST" duration-ms="1" status="PASS">
          <params>
            <param index="0">
              <value>
                <![CDATA[[TestResult name=verifyError status=SUCCESS method=WebOrder_ViewAllOrders_Test.verifyError(java.lang.String,java.lang.String,java.lang.String,java.lang.String,java.lang.String,java.lang.String,java.lang.String,java.lang.String,java.lang.String,java.lang.String,java.lang.String)[pri:5, instance:com.webOrders.test.WebOrder_ViewAllOrders_Test@24313fcc] output={null}]]]>
              </value>
            </param>
          </params>
          <reporter-output>
          </reporter-output>
        </test-method> <!-- takeScreenshot -->
        <test-method signature="verifyError(java.lang.String,java.lang.String,java.lang.String,java.lang.String,java.lang.String,java.lang.String,java.lang.String,java.lang.String,java.lang.String,java.lang.String,java.lang.String)[pri:5, instance:com.webOrders.test.WebOrder_ViewAllOrders_Test@24313fcc]" started-at="2025-08-21T14:55:11 IST" name="verifyError" description="Validate error is displayed while editing an order with invalid Data" data-provider="Update Order Form Error" finished-at="2025-08-21T14:55:13 IST" duration-ms="1859" status="PASS">
          <params>
            <param index="0">
              <value>
                <![CDATA[MyMoney]]>
              </value>
            </param>
            <param index="1">
              <value>
                <![CDATA[5]]>
              </value>
            </param>
            <param index="2">
              <value>
                <![CDATA[Minh]]>
              </value>
            </param>
            <param index="3">
              <value>
                <![CDATA[123 Main St]]>
              </value>
            </param>
            <param index="4">
              <value>
                <![CDATA[Dallas]]>
              </value>
            </param>
            <param index="5">
              <value>
                <![CDATA[IL]]>
              </value>
            </param>
            <param index="6">
              <value>
                <![CDATA[75000]]>
              </value>
            </param>
            <param index="7">
              <value>
                <![CDATA[Visa]]>
              </value>
            </param>
            <param index="8">
              <value>
                <![CDATA[abcdef]]>
              </value>
            </param>
            <param index="9">
              <value>
                <![CDATA[12/29]]>
              </value>
            </param>
            <param index="10">
              <value>
                <![CDATA[invalid_cardnr]]>
              </value>
            </param>
          </params>
          <reporter-output>
          </reporter-output>
        </test-method> <!-- verifyError -->
        <test-method is-config="true" signature="takeScreenshot(org.testng.ITestResult)[pri:0, instance:com.webOrders.test.WebOrder_ViewAllOrders_Test@24313fcc]" started-at="2025-08-21T14:55:13 IST" name="takeScreenshot" finished-at="2025-08-21T14:55:13 IST" duration-ms="1" status="PASS">
          <params>
            <param index="0">
              <value>
                <![CDATA[[TestResult name=verifyError status=SUCCESS method=WebOrder_ViewAllOrders_Test.verifyError(java.lang.String,java.lang.String,java.lang.String,java.lang.String,java.lang.String,java.lang.String,java.lang.String,java.lang.String,java.lang.String,java.lang.String,java.lang.String)[pri:5, instance:com.webOrders.test.WebOrder_ViewAllOrders_Test@24313fcc] output={null}]]]>
              </value>
            </param>
          </params>
          <reporter-output>
          </reporter-output>
        </test-method> <!-- takeScreenshot -->
        <test-method signature="verifyError(java.lang.String,java.lang.String,java.lang.String,java.lang.String,java.lang.String,java.lang.String,java.lang.String,java.lang.String,java.lang.String,java.lang.String,java.lang.String)[pri:5, instance:com.webOrders.test.WebOrder_ViewAllOrders_Test@24313fcc]" started-at="2025-08-21T14:55:13 IST" name="verifyError" description="Validate error is displayed while editing an order with invalid Data" data-provider="Update Order Form Error" finished-at="2025-08-21T14:55:14 IST" duration-ms="1457" status="PASS">
          <params>
            <param index="0">
              <value>
                <![CDATA[MyMoney]]>
              </value>
            </param>
            <param index="1">
              <value>
                <![CDATA[5]]>
              </value>
            </param>
            <param index="2">
              <value>
                <![CDATA[Minh]]>
              </value>
            </param>
            <param index="3">
              <value>
                <![CDATA[123 Main St]]>
              </value>
            </param>
            <param index="4">
              <value>
                <![CDATA[Dallas]]>
              </value>
            </param>
            <param index="5">
              <value>
                <![CDATA[IL]]>
              </value>
            </param>
            <param index="6">
              <value>
                <![CDATA[75000]]>
              </value>
            </param>
            <param index="7">
              <value>
                <![CDATA[Visa]]>
              </value>
            </param>
            <param index="8">
              <value>
                <![CDATA[123456789]]>
              </value>
            </param>
            <param index="9">
              <value>
                <![CDATA[]]>
              </value>
            </param>
            <param index="10">
              <value>
                <![CDATA[empty_expdate]]>
              </value>
            </param>
          </params>
          <reporter-output>
          </reporter-output>
        </test-method> <!-- verifyError -->
        <test-method is-config="true" signature="takeScreenshot(org.testng.ITestResult)[pri:0, instance:com.webOrders.test.WebOrder_ViewAllOrders_Test@24313fcc]" started-at="2025-08-21T14:55:14 IST" name="takeScreenshot" finished-at="2025-08-21T14:55:14 IST" duration-ms="2" status="PASS">
          <params>
            <param index="0">
              <value>
                <![CDATA[[TestResult name=verifyError status=SUCCESS method=WebOrder_ViewAllOrders_Test.verifyError(java.lang.String,java.lang.String,java.lang.String,java.lang.String,java.lang.String,java.lang.String,java.lang.String,java.lang.String,java.lang.String,java.lang.String,java.lang.String)[pri:5, instance:com.webOrders.test.WebOrder_ViewAllOrders_Test@24313fcc] output={null}]]]>
              </value>
            </param>
          </params>
          <reporter-output>
          </reporter-output>
        </test-method> <!-- takeScreenshot -->
        <test-method signature="verifyError(java.lang.String,java.lang.String,java.lang.String,java.lang.String,java.lang.String,java.lang.String,java.lang.String,java.lang.String,java.lang.String,java.lang.String,java.lang.String)[pri:5, instance:com.webOrders.test.WebOrder_ViewAllOrders_Test@24313fcc]" started-at="2025-08-21T14:55:14 IST" name="verifyError" description="Validate error is displayed while editing an order with invalid Data" data-provider="Update Order Form Error" finished-at="2025-08-21T14:55:17 IST" duration-ms="2430" status="PASS">
          <params>
            <param index="0">
              <value>
                <![CDATA[MyMoney]]>
              </value>
            </param>
            <param index="1">
              <value>
                <![CDATA[5]]>
              </value>
            </param>
            <param index="2">
              <value>
                <![CDATA[Minh]]>
              </value>
            </param>
            <param index="3">
              <value>
                <![CDATA[123 Main St]]>
              </value>
            </param>
            <param index="4">
              <value>
                <![CDATA[Dallas]]>
              </value>
            </param>
            <param index="5">
              <value>
                <![CDATA[IL]]>
              </value>
            </param>
            <param index="6">
              <value>
                <![CDATA[75000]]>
              </value>
            </param>
            <param index="7">
              <value>
                <![CDATA[Visa]]>
              </value>
            </param>
            <param index="8">
              <value>
                <![CDATA[123456789]]>
              </value>
            </param>
            <param index="9">
              <value>
                <![CDATA[abcdef]]>
              </value>
            </param>
            <param index="10">
              <value>
                <![CDATA[invalid_date]]>
              </value>
            </param>
          </params>
          <reporter-output>
          </reporter-output>
        </test-method> <!-- verifyError -->
        <test-method signature="verifyError(java.lang.String,java.lang.String,java.lang.String,java.lang.String,java.lang.String,java.lang.String,java.lang.String,java.lang.String,java.lang.String,java.lang.String,java.lang.String)[pri:5, instance:com.webOrders.test.WebOrder_ViewAllOrders_Test@24313fcc]" started-at="2025-08-21T14:55:17 IST" name="verifyError" description="Validate error is displayed while editing an order with invalid Data" data-provider="Update Order Form Error" finished-at="2025-08-21T14:55:18 IST" duration-ms="982" status="PASS">
          <params>
            <param index="0">
              <value>
                <![CDATA[MyMoney]]>
              </value>
            </param>
            <param index="1">
              <value>
                <![CDATA[5]]>
              </value>
            </param>
            <param index="2">
              <value>
                <![CDATA[Minh]]>
              </value>
            </param>
            <param index="3">
              <value>
                <![CDATA[123 Main St]]>
              </value>
            </param>
            <param index="4">
              <value>
                <![CDATA[Dallas]]>
              </value>
            </param>
            <param index="5">
              <value>
                <![CDATA[IL]]>
              </value>
            </param>
            <param index="6">
              <value>
                <![CDATA[75000]]>
              </value>
            </param>
            <param index="7">
              <value>
                <![CDATA[Visa]]>
              </value>
            </param>
            <param index="8">
              <value>
                <![CDATA[123456789]]>
              </value>
            </param>
            <param index="9">
              <value>
                <![CDATA[12-23]]>
              </value>
            </param>
            <param index="10">
              <value>
                <![CDATA[invalid_date]]>
              </value>
            </param>
          </params>
          <reporter-output>
          </reporter-output>
        </test-method> <!-- verifyError -->
        <test-method is-config="true" signature="takeScreenshot(org.testng.ITestResult)[pri:0, instance:com.webOrders.test.WebOrder_ViewAllOrders_Test@24313fcc]" started-at="2025-08-21T14:55:17 IST" name="takeScreenshot" finished-at="2025-08-21T14:55:17 IST" duration-ms="0" status="PASS">
          <params>
            <param index="0">
              <value>
                <![CDATA[[TestResult name=verifyError status=SUCCESS method=WebOrder_ViewAllOrders_Test.verifyError(java.lang.String,java.lang.String,java.lang.String,java.lang.String,java.lang.String,java.lang.String,java.lang.String,java.lang.String,java.lang.String,java.lang.String,java.lang.String)[pri:5, instance:com.webOrders.test.WebOrder_ViewAllOrders_Test@24313fcc] output={null}]]]>
              </value>
            </param>
          </params>
          <reporter-output>
          </reporter-output>
        </test-method> <!-- takeScreenshot -->
        <test-method is-config="true" signature="takeScreenshot(org.testng.ITestResult)[pri:0, instance:com.webOrders.test.WebOrder_ViewAllOrders_Test@24313fcc]" started-at="2025-08-21T14:55:18 IST" name="takeScreenshot" finished-at="2025-08-21T14:55:18 IST" duration-ms="0" status="PASS">
          <params>
            <param index="0">
              <value>
                <![CDATA[[TestResult name=verifyError status=SUCCESS method=WebOrder_ViewAllOrders_Test.verifyError(java.lang.String,java.lang.String,java.lang.String,java.lang.String,java.lang.String,java.lang.String,java.lang.String,java.lang.String,java.lang.String,java.lang.String,java.lang.String)[pri:5, instance:com.webOrders.test.WebOrder_ViewAllOrders_Test@24313fcc] output={null}]]]>
              </value>
            </param>
          </params>
          <reporter-output>
          </reporter-output>
        </test-method> <!-- takeScreenshot -->
        <test-method is-config="true" signature="tearDown()[pri:0, instance:com.webOrders.test.WebOrder_ViewAllOrders_Test@24313fcc]" started-at="2025-08-21T14:55:18 IST" name="tearDown" finished-at="2025-08-21T14:55:19 IST" duration-ms="1489" status="PASS">
          <reporter-output>
          </reporter-output>
        </test-method> <!-- tearDown -->
      </class> <!-- com.webOrders.test.WebOrder_ViewAllOrders_Test -->
    </test> <!-- test-1 -->
  </suite> <!-- WebOrder Page Object Model TestNGDemo -->
</testng-results>
